<?xml version="1.0" encoding="UTF-8"?>
<testng-results skipped="0" failed="0" ignored="0" total="1" passed="1">
  <reporter-output>
  </reporter-output>
  <suite name="Default suite" duration-ms="23144" started-at="2020-06-21T23:54:24 IST" finished-at="2020-06-21T23:54:47 IST">
    <groups>
    </groups>
    <test name="Default test" duration-ms="23144" started-at="2020-06-21T23:54:24 IST" finished-at="2020-06-21T23:54:47 IST">
      <class name="com.crm.qa.testcases.SignUpPageTest">
        <test-method status="PASS" signature="setup()[pri:0, instance:com.crm.qa.testcases.SignUpPageTest@57855c9a]" name="setup" is-config="true" duration-ms="19283" started-at="2020-06-21T23:54:24 IST" finished-at="2020-06-21T23:54:43 IST">
          <reporter-output>
          </reporter-output>
        </test-method> <!-- setup -->
        <test-method status="PASS" signature="signuptest()[pri:0, instance:com.crm.qa.testcases.SignUpPageTest@57855c9a]" name="signuptest" duration-ms="3796" started-at="2020-06-21T23:54:43 IST" finished-at="2020-06-21T23:54:47 IST">
          <reporter-output>
          </reporter-output>
        </test-method> <!-- signuptest -->
      </class> <!-- com.crm.qa.testcases.SignUpPageTest -->
    </test> <!-- Default test -->
  </suite> <!-- Default suite -->
</testng-results>
